2025-08-04 12:07:14,679 [   4949]   WARN - #c.i.s.c.i.StationSocketConnectionLoop - Discovery connection failed with NoSuchFileException (/run/user/1000/jb.station.sock)
2025-08-04 12:07:17,834 [   8104]   WARN - #o.j.i.maven - Error updating repository /home/alma/.m2/repository GAV index
java.nio.file.NoSuchFileException: /home/alma/.m2/repository
	at java.base/sun.nio.fs.UnixException.translateToIOException(UnixException.java:92)
	at java.base/sun.nio.fs.UnixException.rethrowAsIOException(UnixException.java:106)
	at java.base/sun.nio.fs.UnixException.rethrowAsIOException(UnixException.java:111)
	at java.base/sun.nio.fs.UnixFileAttributeViews$Basic.readAttributes(UnixFileAttributeViews.java:55)
	at java.base/sun.nio.fs.UnixFileSystemProvider.readAttributes(UnixFileSystemProvider.java:171)
	at java.base/sun.nio.fs.LinuxFileSystemProvider.readAttributes(LinuxFileSystemProvider.java:99)
	at java.base/java.nio.file.Files.readAttributes(Files.java:1854)
	at java.base/java.nio.file.FileTreeWalker.getAttributes(FileTreeWalker.java:220)
	at java.base/java.nio.file.FileTreeWalker.visit(FileTreeWalker.java:277)
	at java.base/java.nio.file.FileTreeWalker.walk(FileTreeWalker.java:323)
	at java.base/java.nio.file.Files.walkFileTree(Files.java:2792)
	at java.base/java.nio.file.Files.walkFileTree(Files.java:2870)
	at org.jetbrains.idea.maven.indices.MavenLocalGavIndexImplKt.walkBottomUp(MavenLocalGavIndexImpl.kt:26)
	at org.jetbrains.idea.maven.indices.MavenLocalGavIndexImplKt.access$walkBottomUp(MavenLocalGavIndexImpl.kt:1)
	at org.jetbrains.idea.maven.indices.MavenLocalGavIndexImpl$update$2.invokeSuspend(MavenLocalGavIndexImpl.kt:80)
	at org.jetbrains.idea.maven.indices.MavenLocalGavIndexImpl$update$2.invoke(MavenLocalGavIndexImpl.kt)
	at org.jetbrains.idea.maven.indices.MavenLocalGavIndexImpl$update$2.invoke(MavenLocalGavIndexImpl.kt)
	at kotlinx.coroutines.intrinsics.UndispatchedKt.startUndispatchedOrReturn(Undispatched.kt:62)
	at kotlinx.coroutines.BuildersKt__Builders_commonKt.withContext(Builders.common.kt:163)
	at kotlinx.coroutines.BuildersKt.withContext(Unknown Source)
	at org.jetbrains.idea.maven.indices.MavenLocalGavIndexImpl.update(MavenLocalGavIndexImpl.kt:78)
	at org.jetbrains.idea.maven.indices.MavenSystemIndicesManager$scheduleUpdateIndexContent$1$1.invokeSuspend(MavenSystemIndicesManager.kt:258)
	at org.jetbrains.idea.maven.indices.MavenSystemIndicesManager$scheduleUpdateIndexContent$1$1.invoke(MavenSystemIndicesManager.kt)
	at org.jetbrains.idea.maven.indices.MavenSystemIndicesManager$scheduleUpdateIndexContent$1$1.invoke(MavenSystemIndicesManager.kt)
	at com.intellij.platform.backend.observation.TrackingUtil$launchTracked$1.invokeSuspend(util.kt:62)
	at kotlin.coroutines.jvm.internal.BaseContinuationImpl.resumeWith(ContinuationImpl.kt:33)
	at kotlinx.coroutines.DispatchedTask.run(DispatchedTask.kt:104)
	at kotlinx.coroutines.internal.SoftLimitedDispatcher$Worker.run(SoftLimitedDispatcher.kt:125)
	at kotlinx.coroutines.scheduling.TaskImpl.run(Tasks.kt:99)
	at kotlinx.coroutines.scheduling.CoroutineScheduler.runSafely(CoroutineScheduler.kt:608)
	at kotlinx.coroutines.scheduling.CoroutineScheduler$Worker.executeTask(CoroutineScheduler.kt:873)
	at kotlinx.coroutines.scheduling.CoroutineScheduler$Worker.runWorker(CoroutineScheduler.kt:763)
	at kotlinx.coroutines.scheduling.CoroutineScheduler$Worker.run(CoroutineScheduler.kt:750)
2025-08-04 12:07:57,295 [  47565]   WARN - #c.i.j.n.l.n.NodeModulesFileListener - Too many NodeModulesVfsEventsSession registered: 2
2025-08-04 12:07:58,646 [  48916]   WARN - #org.intellij.plugins.markdown.ui.preview.jcef.impl.JcefBrowserPipeImpl - No subscribers for documentReady!
Attached data: 
2025-08-04 12:07:59,098 [  49368]   WARN - #o.j.i.maven - updateAllMavenProjects started: incremental=true, MavenProjectsManagerEx.addManagedFilesWithProfilesAndUpdate sistemaGestionEmpleados
2025-08-04 12:08:02,141 [  52411]   WARN - #c.i.e.r.RemoteProcessSupport - Remote process stderr:WARNING: A terminally deprecated method in sun.misc.Unsafe has been called

2025-08-04 12:08:02,142 [  52412]   WARN - #c.i.e.r.RemoteProcessSupport - WARNING: A terminally deprecated method in sun.misc.Unsafe has been called
2025-08-04 12:08:02,142 [  52412]   WARN - #c.i.e.r.RemoteProcessSupport - Remote process stderr:WARNING: sun.misc.Unsafe::staticFieldBase has been called by com.google.inject.internal.aop.HiddenClassDefiner (file:/home/alma/.m2/wrapper/dists/apache-maven-3.9.11-bin/6mqf5t809d9geo83kj4ttckcbc/apache-maven-3.9.11/lib/guice-5.1.0-classes.jar)

2025-08-04 12:08:02,143 [  52413]   WARN - #c.i.e.r.RemoteProcessSupport - WARNING: sun.misc.Unsafe::staticFieldBase has been called by com.google.inject.internal.aop.HiddenClassDefiner (file:/home/alma/.m2/wrapper/dists/apache-maven-3.9.11-bin/6mqf5t809d9geo83kj4ttckcbc/apache-maven-3.9.11/lib/guice-5.1.0-classes.jar)
2025-08-04 12:08:02,143 [  52413]   WARN - #c.i.e.r.RemoteProcessSupport - Remote process stderr:WARNING: Please consider reporting this to the maintainers of class com.google.inject.internal.aop.HiddenClassDefiner

2025-08-04 12:08:02,143 [  52413]   WARN - #c.i.e.r.RemoteProcessSupport - WARNING: Please consider reporting this to the maintainers of class com.google.inject.internal.aop.HiddenClassDefiner
2025-08-04 12:08:02,143 [  52413]   WARN - #c.i.e.r.RemoteProcessSupport - Remote process stderr:WARNING: sun.misc.Unsafe::staticFieldBase will be removed in a future release

2025-08-04 12:08:02,143 [  52413]   WARN - #c.i.e.r.RemoteProcessSupport - WARNING: sun.misc.Unsafe::staticFieldBase will be removed in a future release
2025-08-04 12:08:03,252 [  53522]   WARN - #c.i.j.w.n.WebTypesNpmLoader - Failed to fetch packages for '@web-types' (Full Text): Request failed with status code 429
2025-08-04 12:08:17,855 [  68125]   WARN - #git4idea.merge.GitMergeUtil - Failed to load revision content for /home/alma/0prog2/sistemaGestionEmpleados/.gitignore (stage 1): 'fatal: path '.gitignore' is in the index, but not at stage 1
hint: Did you mean ':2:.gitignore'?'
Assuming missing side
2025-08-04 12:09:05,388 [ 115658]   WARN - #c.i.j.n.l.n.NodeModulesFileListener - Too many NodeModulesVfsEventsSession registered: 2
2025-08-04 12:09:05,860 [ 116130]   WARN - #o.j.i.maven - updateAllMavenProjects finished: incremental=true, MavenProjectsManagerEx.addManagedFilesWithProfilesAndUpdate sistemaGestionEmpleados
2025-08-04 13:37:59,787 [5450057]   WARN - #c.i.o.v.i.l.NativeFileWatcherImpl - Watcher terminated with exit code 143
2025-08-04 22:58:21,040 [    689]   WARN - #c.i.o.v.n.p.PersistentFSConnector - Filesystem storage is corrupted or does not exist. [Re]Building. Reason: Corruption marker file found
	content: [VFS files are corrupted and must be rebuilt from the scratch on next startup, com.intellij.openapi.vfs.newvfs.persistent.PersistentFSConnection$VFSCorruptedException: By FSRecordsCacheInvalidator request, 	at com.intellij.openapi.vfs.newvfs.persistent.PersistentFSConnection.scheduleVFSRebuild(PersistentFSConnection.java:284), 	at com.intellij.openapi.vfs.newvfs.persistent.PersistentFSConnection.scheduleVFSRebuild(PersistentFSConnection.java:315), 	at com.intellij.openapi.vfs.newvfs.persistent.FSRecordsImpl.scheduleRebuild(FSRecordsImpl.java:1635), 	at com.intellij.openapi.vfs.newvfs.FSRecordsCacheInvalidator.invalidateCaches(FSRecordsCacheInvalidator.kt:17), 	at com.intellij.ide.InvalidateCacheService.invalidateCaches(InvalidateCacheService.java:42), 	at com.intellij.ide.InvalidateCacheService.invalidateCachesAndRestart(InvalidateCacheService.java:30), 	at com.intellij.ide.actions.InvalidateCachesAction.actionPerformed(InvalidateCachesAction.java:15), 	at com.intellij.openapi.actionSystem.ex.ActionUtil.doPerformActionOrShowPopup(ActionUtil.kt:383), 	at com.intellij.openapi.actionSystem.ex.ActionUtil.performActionDumbAwareWithCallbacks$lambda$7(ActionUtil.kt:353), 	at com.intellij.openapi.actionSystem.impl.ActionManagerImpl.performWithActionCallbacks(ActionManagerImpl.kt:1159), 	at com.intellij.openapi.actionSystem.ex.ActionUtil.performActionDumbAwareWithCallbacks(ActionUtil.kt:352), 	at com.intellij.openapi.actionSystem.impl.ActionMenuItem.performAction$lambda$5(ActionMenuItem.kt:273), 	at com.intellij.openapi.wm.impl.FocusManagerImpl.runOnOwnContext(FocusManagerImpl.java:231), 	at com.intellij.openapi.actionSystem.impl.ActionMenuItem.performAction(ActionMenuItem.kt:265), 	at com.intellij.openapi.actionSystem.impl.ActionMenuItem._init_$lambda$0(ActionMenuItem.kt:72), 	at java.desktop/javax.swing.AbstractButton.fireActionPerformed(AbstractButton.java:1972), 	at com.intellij.openapi.actionSystem.impl.ActionMenuItem.fireActionPerformed$lambda$4(ActionMenuItem.kt:103), 	at com.intellij.openapi.application.TransactionGuardImpl.performActivity(TransactionGuardImpl.java:109), 	at com.intellij.openapi.application.TransactionGuardImpl.performUserActivity(TransactionGuardImpl.java:98), 	at com.intellij.openapi.actionSystem.impl.ActionMenuItem.fireActionPerformed(ActionMenuItem.kt:102), 	at com.intellij.ui.plaf.beg.BegMenuItemUI.doClick(BegMenuItemUI.java:521), 	at com.intellij.ui.plaf.beg.BegMenuItemUI$MyMouseInputHandler.mouseReleased(BegMenuItemUI.java:554), 	at java.desktop/java.awt.Component.processMouseEvent(Component.java:6673), 	at java.desktop/javax.swing.JComponent.processMouseEvent(JComponent.java:3394), 	at java.desktop/java.awt.Component.processEvent(Component.java:6438), 	at java.desktop/java.awt.Container.processEvent(Container.java:2266), 	at java.desktop/java.awt.Component.dispatchEventImpl(Component.java:5043), 	at java.desktop/java.awt.Container.dispatchEventImpl(Container.java:2324), 	at java.desktop/java.awt.Component.dispatchEvent(Component.java:4871), 	at java.desktop/java.awt.LightweightDispatcher.retargetMouseEvent(Container.java:4963), 	at java.desktop/java.awt.LightweightDispatcher.processMouseEvent(Container.java:4577), 	at java.desktop/java.awt.LightweightDispatcher.dispatchEvent(Container.java:4518), 	at java.desktop/java.awt.Container.dispatchEventImpl(Container.java:2310), 	at java.desktop/java.awt.Window.dispatchEventImpl(Window.java:2810), 	at java.desktop/java.awt.Component.dispatchEvent(Component.java:4871), 	at java.desktop/java.awt.EventQueue.dispatchEventImpl(EventQueue.java:783), 	at java.desktop/java.awt.EventQueue$4.run(EventQueue.java:728), 	at java.desktop/java.awt.EventQueue$4.run(EventQueue.java:722), 	at java.base/java.security.AccessController.doPrivileged(AccessController.java:400), 	at java.base/java.security.ProtectionDomain$JavaSecurityAccessImpl.doIntersectionPrivilege(ProtectionDomain.java:87), 	at java.base/java.security.ProtectionDomain$JavaSecurityAccessImpl.doIntersectionPrivilege(ProtectionDomain.java:98), 	at java.desktop/java.awt.EventQueue$5.run(EventQueue.java:755), 	at java.desktop/java.awt.EventQueue$5.run(EventQueue.java:753), 	at java.base/java.security.AccessController.doPrivileged(AccessController.java:400), 	at java.base/java.security.ProtectionDomain$JavaSecurityAccessImpl.doIntersectionPrivilege(ProtectionDomain.java:87), 	at java.desktop/java.awt.EventQueue.dispatchEvent(EventQueue.java:752), 	at com.intellij.ide.IdeEventQueue.defaultDispatchEvent(IdeEventQueue.kt:585), 	at com.intellij.ide.IdeEventQueue.dispatchMouseEvent(IdeEventQueue.kt:530), 	at com.intellij.ide.IdeEventQueue._dispatchEvent$lambda$16(IdeEventQueue.kt:473), 	at com.intellij.openapi.application.impl.AnyThreadWriteThreadingSupport.runWriteIntentReadAction$lambda$6(AnyThreadWriteThreadingSupport.kt:274), 	at com.intellij.openapi.application.impl.AnyThreadWriteThreadingSupport.runWithTemporaryThreadLocal(AnyThreadWriteThreadingSupport.kt:204), 	at com.intellij.openapi.application.impl.AnyThreadWriteThreadingSupport.runWriteIntentReadAction(AnyThreadWriteThreadingSupport.kt:274), 	at com.intellij.openapi.application.impl.AnyThreadWriteThreadingSupport.runPreventiveWriteIntentReadAction(AnyThreadWriteThreadingSupport.kt:218), 	at com.intellij.ide.IdeEventQueue._dispatchEvent(IdeEventQueue.kt:473), 	at com.intellij.ide.IdeEventQueue.dispatchEvent$lambda$12$lambda$11$lambda$10$lambda$9(IdeEventQueue.kt:307), 	at com.intellij.openapi.progress.impl.CoreProgressManager.computePrioritized(CoreProgressManager.java:864), 	at com.intellij.ide.IdeEventQueue.dispatchEvent$lambda$12$lambda$11$lambda$10(IdeEventQueue.kt:306), 	at com.intellij.ide.IdeEventQueueKt.performActivity$lambda$3(IdeEventQueue.kt:958), 	at com.intellij.openapi.application.TransactionGuardImpl.performActivity(TransactionGuardImpl.java:117), 	at com.intellij.ide.IdeEventQueueKt.performActivity(IdeEventQueue.kt:958), 	at com.intellij.ide.IdeEventQueue.dispatchEvent$lambda$12(IdeEventQueue.kt:301), 	at com.intellij.ide.IdeEventQueue.dispatchEvent(IdeEventQueue.kt:341), 	at java.desktop/java.awt.EventDispatchThread.pumpOneEventForFilters(EventDispatchThread.java:207), 	at java.desktop/java.awt.EventDispatchThread.pumpEventsForFilter(EventDispatchThread.java:128), 	at java.desktop/java.awt.EventDispatchThread.pumpEventsForHierarchy(EventDispatchThread.java:117), 	at java.desktop/java.awt.EventDispatchThread.pumpEvents(EventDispatchThread.java:113), 	at java.desktop/java.awt.EventDispatchThread.pumpEvents(EventDispatchThread.java:105), 	at java.desktop/java.awt.EventDispatchThread.run(EventDispatchThread.java:92)]
2025-08-04 22:58:24,197 [   3846]   WARN - #c.i.i.s.p.i.SharedIndexInfrastructure - Skipped 2 shared indexes: bundled-jdk-9823dce3aa75-fbdcb00ec9e3-intellij.indexing.shared.core-IU-251.26927.53, bundled-js-predefined-d6986cc7102b-09060db00ec0-JavaScript-IU-251.26927.53
2025-08-04 22:58:25,348 [   4997]   WARN - #c.i.s.c.i.StationSocketConnectionLoop - Discovery connection failed with NoSuchFileException (/run/user/1000/jb.station.sock)
2025-08-04 22:58:50,157 [  29806]   WARN - #o.j.k.i.s.r.KotlinCompilerReferenceIndexStorage - kotlin-data-container is not found
